
> astharhars@0.1.0 build
> next build

   Γû▓ Next.js 15.1.7
   - Environments: .env.local, .env

   Creating an optimized production build ...
 Γ£ô Compiled successfully
   Skipping linting
   Checking validity of types ...
node.exe : Failed to compile.
At line:1 char:1
+ & "C:\Program Files\nodejs/node.exe" "C:\Program Files\nodejs/node_mo ...
+ ~~~~~~~~~~~~~~~~~~~~~~~~~~~~~~~~~~~~~~~~~~~~~~~~~~~~~~~~~~~~~~~~~~~~~
    + CategoryInfo          : NotSpecified: (Failed to compile.:String) [], RemoteException
    + FullyQualifiedErrorId : NativeCommandError
 

./components/HeroBanner.tsx:61:13
Type error: Cannot find name 'setLoading'.

[0m [90m 59 |[39m     useEffect(() [33m=>[39m {[0m
[0m [90m 60 |[39m         [36mconst[39m fetchData [33m=[39m [36masync[39m () [33m=>[39m {[0m
[0m[31m[1m>[22m[39m[90m 61 |[39m             setLoading([36mtrue[39m)[33m;[39m[0m
[0m [90m    |[39m             [31m[1m^[22m[39m[0m
[0m [90m 62 |[39m             [36mtry[39m {[0m
[0m [90m 63 |[39m                 [90m// 1. Fetch Global Settings for Height Fallbacks[39m[0m
[0m [90m 64 |[39m                 [36mconst[39m globalSnap [33m=[39m [36mawait[39m getDoc(doc(db[33m,[39m 
[32m'settings'[39m[33m,[39m [32m'hero-banner'[39m))[33m;[39m[0m
Next.js build worker exited with code: 1 and signal: null
